
> web@0.1.0 dev
> next dev

▲ Next.js 16.1.6 (Turbopack)
- Local:         http://localhost:3000
- Network:       http://192.168.0.2:3000
- Experiments (use with caution):
  · clientTraceMetadata

✓ Starting...
✓ Ready in 2.3s
(node:21182) Warning: SECURITY WARNING: The SSL modes 'prefer', 'require', and 'verify-ca' are treated as aliases for 'verify-full'.
In the next major version (pg-connection-string v3.0.0 and pg v9.0.0), these modes will adopt standard libpq semantics, which have weaker security guarantees.

To prepare for this change:
- If you want the current behavior, explicitly use 'sslmode=verify-full'
- If you want libpq compatibility now, use 'uselibpqcompat=true&sslmode=require'

See https://www.postgresql.org/docs/current/libpq-ssl.html for libpq SSL mode definitions.
(Use `node --trace-warnings ...` to show where the warning was created)
 GET / 200 in 4.1s (compile: 1277ms, render: 2.9s)
 GET / 200 in 524ms (compile: 17ms, render: 507ms)
 GET /?page=1&text=Titulo 200 in 209ms (compile: 7ms, render: 202ms)
 GET / 200 in 1262ms (compile: 12ms, render: 1250ms)
 GET /?page=1&text=Titulo 200 in 465ms (compile: 14ms, render: 451ms)
 GET / 200 in 470ms (compile: 6ms, render: 463ms)
 GET /?page=1&text=Jose 200 in 343ms (compile: 8ms, render: 335ms)
 GET / 200 in 480ms (compile: 7ms, render: 474ms)
 GET /?page=1&text=Titulo 200 in 486ms (compile: 8ms, render: 478ms)
 GET /article/39862 200 in 1074ms (compile: 988ms, render: 85ms)
 GET / 200 in 465ms (compile: 6ms, render: 459ms)
 GET /?page=1&text=Titulo 200 in 431ms (compile: 7ms, render: 425ms)
 GET /article/39862?text=Titulo 200 in 102ms (compile: 39ms, render: 63ms)
 GET / 200 in 472ms (compile: 5ms, render: 466ms)
 GET /?page=1 200 in 127ms (compile: 7ms, render: 120ms)
 GET / 200 in 469ms (compile: 5ms, render: 464ms)
 GET /?page=1&text=xyzabc123nonexistent 200 in 280ms (compile: 6ms, render: 273ms)
 GET / 200 in 596ms (compile: 11ms, render: 585ms)
 GET /?page=1&text=Titulo 200 in 381ms (compile: 10ms, render: 371ms)
 GET /?page=1 200 in 156ms (compile: 7ms, render: 149ms)
 GET / 200 in 449ms (compile: 5ms, render: 444ms)
 GET /?page=1&text=%28P.+4%29 200 in 139ms (compile: 8ms, render: 131ms)
 GET / 200 in 460ms (compile: 5ms, render: 455ms)
 GET /?page=1&text=Titulo 200 in 186ms (compile: 8ms, render: 178ms)
[?25h
